<?xml version="1.0" encoding="UTF-8"?>
<coverage generated="1595561777046" clover="3.2.0">
  <project timestamp="1595561777046" name="All files">
    <metrics statements="17" coveredstatements="13" conditionals="2" coveredconditionals="1" methods="2" coveredmethods="1" elements="21" coveredelements="15" complexity="0" loc="17" ncloc="17" packages="2" files="4" classes="4"/>
    <package name="config">
      <metrics statements="3" coveredstatements="3" conditionals="2" coveredconditionals="1" methods="0" coveredmethods="0"/>
      <file name="index.js" path="C:\Dev\backend-section\src\config\index.js">
        <metrics statements="3" coveredstatements="3" conditionals="2" coveredconditionals="1" methods="0" coveredmethods="0"/>
        <line num="1" count="1" type="cond" truecount="1" falsecount="1"/>
        <line num="2" count="1" type="stmt"/>
        <line num="5" count="1" type="stmt"/>
      </file>
    </package>
    <package name="services">
      <metrics statements="14" coveredstatements="10" conditionals="0" coveredconditionals="0" methods="2" coveredmethods="1"/>
      <file name="home.service.js" path="C:\Dev\backend-section\src\services\home.service.js">
        <metrics statements="2" coveredstatements="1" conditionals="0" coveredconditionals="0" methods="1" coveredmethods="0"/>
        <line num="3" count="0" type="stmt"/>
        <line num="9" count="1" type="stmt"/>
      </file>
      <file name="index.js" path="C:\Dev\backend-section\src\services\index.js">
        <metrics statements="1" coveredstatements="1" conditionals="0" coveredconditionals="0" methods="0" coveredmethods="0"/>
        <line num="1" count="1" type="stmt"/>
      </file>
      <file name="indicador.service.js" path="C:\Dev\backend-section\src\services\indicador.service.js">
        <metrics statements="11" coveredstatements="8" conditionals="0" coveredconditionals="0" methods="1" coveredmethods="1"/>
        <line num="1" count="1" type="stmt"/>
        <line num="2" count="1" type="stmt"/>
        <line num="6" count="2" type="stmt"/>
        <line num="7" count="2" type="stmt"/>
        <line num="8" count="2" type="stmt"/>
        <line num="9" count="2" type="stmt"/>
        <line num="10" count="2" type="stmt"/>
        <line num="12" count="0" type="stmt"/>
        <line num="13" count="0" type="stmt"/>
        <line num="14" count="0" type="stmt"/>
        <line num="19" count="1" type="stmt"/>
      </file>
    </package>
  </project>
</coverage>
