TN:
SF:src\config\index.js
FNF:0
FNH:0
DA:1,1
DA:2,1
DA:5,1
LF:3
LH:3
BRDA:1,0,0,1
BRDA:1,0,1,0
BRF:2
BRH:1
end_of_record
TN:
SF:src\services\home.service.js
FN:2,(anonymous_0)
FNF:1
FNH:0
FNDA:0,(anonymous_0)
DA:3,0
DA:9,1
LF:2
LH:1
BRF:0
BRH:0
end_of_record
TN:
SF:src\services\index.js
FNF:0
FNH:0
DA:1,1
LF:1
LH:1
BRF:0
BRH:0
end_of_record
TN:
SF:src\services\indicador.service.js
FN:5,(anonymous_0)
FNF:1
FNH:1
FNDA:2,(anonymous_0)
DA:1,1
DA:2,1
DA:6,2
DA:7,2
DA:8,2
DA:9,2
DA:10,2
DA:12,0
DA:13,0
DA:14,0
DA:19,1
LF:11
LH:8
BRF:0
BRH:0
end_of_record
